<?xml version="1.0" encoding="UTF-8"?>
<!-- Generated by org.testng.reporters.JUnitReportReporter -->
<testsuite hostname="DESKTOP-VL55J5V" failures="0" tests="12" name="PersonTest" time="0.019" errors="0" timestamp="2023-07-26T20:32:41 MSK" skipped="0">
  <testcase classname="PersonTest" name="testAge" time="0.000"/>
  <system-out/>
  <testcase classname="PersonTest" name="testAge" time="0.000"/>
  <system-out/>
  <testcase classname="PersonTest" name="testAge" time="0.000"/>
  <system-out/>
  <testcase classname="PersonTest" name="testAge" time="0.000"/>
  <system-out/>
  <testcase classname="PersonTest" name="testAge" time="0.000"/>
  <system-out/>
  <testcase classname="PersonTest" name="testAge" time="0.000"/>
  <system-out/>
  <testcase classname="PersonTest" name="testAge" time="0.000"/>
  <system-out/>
  <testcase classname="PersonTest" name="testAge" time="0.000"/>
  <system-out/>
  <testcase classname="PersonTest" name="testAge" time="0.019"/>
  <system-out/>
  <testcase classname="PersonTest" name="testAge" time="0.000"/>
  <system-out/>
  <testcase classname="PersonTest" name="testAge" time="0.000"/>
  <system-out/>
  <testcase classname="PersonTest" name="testAge" time="0.000"/>
  <system-out/>
</testsuite> <!-- PersonTest -->
